2024-12-17 14:04:12,742 - MAIN - INFO - Starting Crawling Automation
2024-12-17 14:04:12,742 - CRAWLER - INFO - Crawler Initialised
2024-12-17 14:04:12,742 - CRAWLER - INFO - Initialising Crawling with page_limit : 2
2024-12-17 14:04:12,742 - CRAWLER - INFO - Hitting page:1, https://dentalstall.com/shop/page/1
2024-12-17 14:04:13,083 - CRAWLER - INFO - status_code for url https://dentalstall.com/shop/page/1 -> 200, latency -> 0.047962
2024-12-17 14:04:14,276 - CRAWLER - INFO - Page Complete, data generated for -> 24 products
2024-12-17 14:04:14,276 - CRAWLER - INFO - Hitting page:2, https://dentalstall.com/shop/page/2
2024-12-17 14:04:14,341 - CRAWLER - INFO - status_code for url https://dentalstall.com/shop/page/2 -> 200, latency -> 0.051689
2024-12-17 14:04:14,691 - CRAWLER - WARNING - Exception 'data-lazy-srcset' occurred for product index 5
2024-12-17 14:04:14,898 - CRAWLER - WARNING - Exception 'NoneType' object has no attribute 'text' occurred for product index 11
2024-12-17 14:04:15,138 - CRAWLER - WARNING - Exception 'data-lazy-srcset' occurred for product index 18
2024-12-17 14:04:15,260 - CRAWLER - WARNING - Exception 'data-lazy-srcset' occurred for product index 22
2024-12-17 14:04:15,341 - CRAWLER - INFO - Page Complete, data generated for -> 45 products
2024-12-17 14:04:15,349 - DB - INFO - 45 items saved
2024-12-17 14:04:15,349 - NOTIFIER - INFO - Total No of products scraped -> 45
2024-12-17 14:10:16,722 - MAIN - INFO - Starting Crawling Automation
2024-12-17 14:10:16,723 - CRAWLER - INFO - Crawler Initialised
2024-12-17 14:10:16,723 - CRAWLER - INFO - Initialising Crawling with page_limit : 2
2024-12-17 14:10:16,723 - CRAWLER - INFO - Hitting page:1, https://dentalstall.com/shop/page/1
2024-12-17 14:10:17,261 - CRAWLER - INFO - status_code for url https://dentalstall.com/shop/page/1 -> 200, latency -> 0.052381
2024-12-17 14:10:18,883 - CRAWLER - INFO - Page Complete, data generated for -> 24 products
2024-12-17 14:10:18,883 - CRAWLER - INFO - Hitting page:2, https://dentalstall.com/shop/page/2
2024-12-17 14:10:18,952 - CRAWLER - INFO - status_code for url https://dentalstall.com/shop/page/2 -> 200, latency -> 0.052832
2024-12-17 14:10:19,406 - CRAWLER - WARNING - Exception 'data-lazy-srcset' occurred for product index 5
2024-12-17 14:10:19,711 - CRAWLER - WARNING - Exception 'NoneType' object has no attribute 'text' occurred for product index 11
2024-12-17 14:10:20,102 - CRAWLER - WARNING - Exception 'data-lazy-srcset' occurred for product index 18
2024-12-17 14:10:20,272 - CRAWLER - WARNING - Exception 'data-lazy-srcset' occurred for product index 22
2024-12-17 14:10:20,451 - CRAWLER - INFO - Page Complete, data generated for -> 45 products
2024-12-17 14:10:20,453 - DB - INFO - 45 items saved
2024-12-17 14:10:20,453 - NOTIFIER - INFO - Total No of products scraped -> 45
2024-12-17 14:12:35,809 - MAIN - INFO - Starting Crawling Automation
2024-12-17 14:12:35,810 - CRAWLER - INFO - Crawler Initialised
2024-12-17 14:12:35,810 - CRAWLER - INFO - Initialising Crawling with page_limit : 2
2024-12-17 14:12:35,810 - CRAWLER - INFO - Hitting page:1, https://dentalstall.com/shop/page/1
2024-12-17 14:12:36,066 - CRAWLER - INFO - status_code for url https://dentalstall.com/shop/page/1 -> 200, latency -> 0.052191
2024-12-17 14:12:37,319 - CRAWLER - INFO - Page Complete, data generated for -> 24 products
2024-12-17 14:12:37,319 - CRAWLER - INFO - Hitting page:2, https://dentalstall.com/shop/page/2
2024-12-17 14:12:37,382 - CRAWLER - INFO - status_code for url https://dentalstall.com/shop/page/2 -> 200, latency -> 0.04759
2024-12-17 14:12:37,719 - CRAWLER - WARNING - Exception 'data-lazy-srcset' occurred for product index 5
2024-12-17 14:12:37,921 - CRAWLER - WARNING - Exception 'NoneType' object has no attribute 'text' occurred for product index 11
2024-12-17 14:12:38,155 - CRAWLER - WARNING - Exception 'data-lazy-srcset' occurred for product index 18
2024-12-17 14:12:38,279 - CRAWLER - WARNING - Exception 'data-lazy-srcset' occurred for product index 22
2024-12-17 14:12:38,354 - CRAWLER - INFO - Page Complete, data generated for -> 45 products
2024-12-17 14:12:38,357 - DB - INFO - 45 items saved
2024-12-17 14:12:38,357 - NOTIFIER - DEBUG - Total No of products scraped -> 45
2024-12-17 14:12:52,835 - MAIN - INFO - Starting Crawling Automation
2024-12-17 14:12:52,835 - CRAWLER - INFO - Crawler Initialised
2024-12-17 14:12:52,835 - CRAWLER - INFO - Initialising Crawling with page_limit : 3
2024-12-17 14:12:52,835 - CRAWLER - INFO - Hitting page:1, https://dentalstall.com/shop/page/1
2024-12-17 14:12:53,115 - CRAWLER - INFO - status_code for url https://dentalstall.com/shop/page/1 -> 200, latency -> 0.0544
2024-12-17 14:12:54,172 - CRAWLER - INFO - Page Complete, data generated for -> 24 products
2024-12-17 14:12:54,172 - CRAWLER - INFO - Hitting page:2, https://dentalstall.com/shop/page/2
2024-12-17 14:12:54,234 - CRAWLER - INFO - status_code for url https://dentalstall.com/shop/page/2 -> 200, latency -> 0.047696
2024-12-17 14:12:54,674 - CRAWLER - WARNING - Exception 'data-lazy-srcset' occurred for product index 5
2024-12-17 14:12:54,909 - CRAWLER - WARNING - Exception 'NoneType' object has no attribute 'text' occurred for product index 11
2024-12-17 14:12:55,199 - CRAWLER - WARNING - Exception 'data-lazy-srcset' occurred for product index 18
2024-12-17 14:12:55,347 - CRAWLER - WARNING - Exception 'data-lazy-srcset' occurred for product index 22
2024-12-17 14:12:55,451 - CRAWLER - INFO - Page Complete, data generated for -> 45 products
2024-12-17 14:12:55,451 - CRAWLER - INFO - Hitting page:3, https://dentalstall.com/shop/page/3
2024-12-17 14:12:55,512 - CRAWLER - INFO - status_code for url https://dentalstall.com/shop/page/3 -> 200, latency -> 0.049145
2024-12-17 14:12:56,415 - CRAWLER - WARNING - Exception 'NoneType' object has no attribute 'text' occurred for product index 15
2024-12-17 14:12:57,044 - CRAWLER - INFO - Page Complete, data generated for -> 69 products
2024-12-17 14:12:57,049 - DB - INFO - 69 items saved
2024-12-17 14:12:57,049 - NOTIFIER - DEBUG - Total No of products scraped -> 69
2024-12-17 14:31:19,576 - MAIN - INFO - Starting Crawling Automation
2024-12-17 14:31:19,577 - CRAWLER - INFO - Crawler Initialised
2024-12-17 14:31:19,577 - CRAWLER - INFO - Initialising Crawling with page_limit : 1
2024-12-17 14:31:19,577 - CRAWLER - INFO - Hitting page:1, https://dentalstall.com/shop/page/1
2024-12-17 14:31:20,032 - CRAWLER - INFO - status_code for url https://dentalstall.com/shop/page/1 -> 200, latency -> 0.045318
2024-12-17 14:31:21,353 - CRAWLER - INFO - Page Complete, data generated for -> 24 products
2024-12-17 14:31:21,354 - DB - INFO - 24 items saved
2024-12-17 14:31:21,355 - NOTIFIER - DEBUG - Total No of products scraped -> 24
2024-12-17 14:31:43,092 - MAIN - INFO - Starting Crawling Automation
2024-12-17 14:31:43,092 - CRAWLER - INFO - Crawler Initialised
2024-12-17 14:31:43,092 - CRAWLER - INFO - Initialising Crawling with page_limit : 0
2024-12-17 14:31:43,093 - DB - INFO - 0 items saved
2024-12-17 14:33:21,480 - MAIN - INFO - Starting Crawling Automation
2024-12-17 14:33:21,480 - CRAWLER - INFO - Crawler Initialised
2024-12-17 14:33:21,480 - CRAWLER - INFO - Initialising Crawling with page_limit : 4
2024-12-17 14:33:21,480 - CRAWLER - INFO - Hitting page:1, https://dentalstall.com/shop/page/1
2024-12-17 14:33:21,916 - CRAWLER - INFO - status_code for url https://dentalstall.com/shop/page/1 -> 200, latency -> 0.04611
2024-12-17 14:33:23,348 - CRAWLER - INFO - Page Complete, data generated for -> 24 products
2024-12-17 14:33:23,349 - CRAWLER - INFO - Hitting page:2, https://dentalstall.com/shop/page/2
2024-12-17 14:33:23,413 - CRAWLER - INFO - status_code for url https://dentalstall.com/shop/page/2 -> 200, latency -> 0.051877
2024-12-17 14:33:23,920 - CRAWLER - WARNING - Exception 'data-lazy-srcset' occurred for product index 5
2024-12-17 14:33:24,294 - CRAWLER - WARNING - Exception 'NoneType' object has no attribute 'text' occurred for product index 11
2024-12-17 14:33:24,696 - CRAWLER - WARNING - Exception 'data-lazy-srcset' occurred for product index 18
2024-12-17 14:33:24,948 - CRAWLER - WARNING - Exception 'data-lazy-srcset' occurred for product index 22
2024-12-17 14:33:25,059 - CRAWLER - INFO - Page Complete, data generated for -> 45 products
2024-12-17 14:33:25,059 - CRAWLER - INFO - Hitting page:3, https://dentalstall.com/shop/page/3
2024-12-17 14:33:25,129 - CRAWLER - INFO - status_code for url https://dentalstall.com/shop/page/3 -> 200, latency -> 0.053958
2024-12-17 14:33:26,102 - CRAWLER - WARNING - Exception 'NoneType' object has no attribute 'text' occurred for product index 15
2024-12-17 14:33:26,552 - CRAWLER - INFO - Page Complete, data generated for -> 69 products
2024-12-17 14:33:26,553 - CRAWLER - INFO - Hitting page:4, https://dentalstall.com/shop/page/4
2024-12-17 14:33:27,438 - CRAWLER - INFO - status_code for url https://dentalstall.com/shop/page/4 -> 200, latency -> 0.653656
2024-12-17 14:33:28,914 - CRAWLER - WARNING - Exception 'data-lazy-srcset' occurred for product index 22
2024-12-17 14:33:28,967 - CRAWLER - INFO - Page Complete, data generated for -> 92 products
2024-12-17 14:33:28,971 - DB - INFO - 92 items saved
2024-12-17 14:33:28,971 - NOTIFIER - DEBUG - Total No of products scraped -> 92
